
state 0
	$accept: .program $end 
	program: .    (1)

	.  reduce 1 (src line 65)

	program  goto 1

state 1
	$accept:  program.$end 
	program:  program.statement EOL 

	$end  accept
	TYPE  shift 8
	IDENTIFY  shift 9
	PRINT  shift 7
	.  error

	statement  goto 2
	refExpression  goto 6
	assignStatement  goto 3
	printStatement  goto 4
	declareStatement  goto 5

state 2
	program:  program statement.EOL 

	EOL  shift 10
	.  error


state 3
	statement:  assignStatement.    (8)

	.  reduce 8 (src line 114)


state 4
	statement:  printStatement.    (9)

	.  reduce 9 (src line 116)


state 5
	statement:  declareStatement.    (10)

	.  reduce 10 (src line 117)


state 6
	assignStatement:  refExpression.assign 

	ASSIGN  shift 12
	.  error

	assign  goto 11

state 7
	printStatement:  PRINT.LPARENTHESIS expression RPARENTHESIS 

	LPARENTHESIS  shift 13
	.  error


state 8
	declareStatement:  TYPE.IDENTIFY 
	declareStatement:  TYPE.IDENTIFY assign 

	IDENTIFY  shift 14
	.  error


state 9
	refExpression:  IDENTIFY.    (15)

	.  reduce 15 (src line 136)


state 10
	program:  program statement EOL.    (2)

	.  reduce 2 (src line 70)


state 11
	assignStatement:  refExpression assign.    (6)

	.  reduce 6 (src line 99)


state 12
	assign:  ASSIGN.expression 

	IDENTIFY  shift 9
	INT_LITERAL  shift 20
	DOUBLE_LITERAL  shift 21
	ADD  shift 24
	SUB  shift 25
	NOT  shift 26
	LPARENTHESIS  shift 23
	.  error

	expression  goto 15
	atomExpression  goto 18
	unaryExpression  goto 17
	binaryOrAtomExpression  goto 16
	refExpression  goto 22
	unaryOperator  goto 19

state 13
	printStatement:  PRINT LPARENTHESIS.expression RPARENTHESIS 

	IDENTIFY  shift 9
	INT_LITERAL  shift 20
	DOUBLE_LITERAL  shift 21
	ADD  shift 24
	SUB  shift 25
	NOT  shift 26
	LPARENTHESIS  shift 23
	.  error

	expression  goto 27
	atomExpression  goto 18
	unaryExpression  goto 17
	binaryOrAtomExpression  goto 16
	refExpression  goto 22
	unaryOperator  goto 19

state 14
	declareStatement:  TYPE IDENTIFY.    (4)
	declareStatement:  TYPE IDENTIFY.assign 

	ASSIGN  shift 12
	.  reduce 4 (src line 83)

	assign  goto 28

state 15
	assign:  ASSIGN expression.    (3)

	.  reduce 3 (src line 77)


state 16
	binaryOrAtomExpression:  binaryOrAtomExpression.ADD unaryExpression 
	expression:  binaryOrAtomExpression.    (23)

	ADD  shift 29
	.  reduce 23 (src line 162)


state 17
	binaryOrAtomExpression:  unaryExpression.    (21)

	.  reduce 21 (src line 153)


state 18
	unaryExpression:  atomExpression.    (19)

	.  reduce 19 (src line 148)


state 19
	unaryExpression:  unaryOperator.atomExpression 

	IDENTIFY  shift 9
	INT_LITERAL  shift 20
	DOUBLE_LITERAL  shift 21
	LPARENTHESIS  shift 23
	.  error

	atomExpression  goto 30
	refExpression  goto 22

state 20
	atomExpression:  INT_LITERAL.    (11)

	.  reduce 11 (src line 121)


state 21
	atomExpression:  DOUBLE_LITERAL.    (12)

	.  reduce 12 (src line 125)


state 22
	atomExpression:  refExpression.    (13)

	.  reduce 13 (src line 128)


state 23
	atomExpression:  LPARENTHESIS.expression RPARENTHESIS 

	IDENTIFY  shift 9
	INT_LITERAL  shift 20
	DOUBLE_LITERAL  shift 21
	ADD  shift 24
	SUB  shift 25
	NOT  shift 26
	LPARENTHESIS  shift 23
	.  error

	expression  goto 31
	atomExpression  goto 18
	unaryExpression  goto 17
	binaryOrAtomExpression  goto 16
	refExpression  goto 22
	unaryOperator  goto 19

state 24
	unaryOperator:  ADD.    (16)

	.  reduce 16 (src line 142)


state 25
	unaryOperator:  SUB.    (17)

	.  reduce 17 (src line 144)


state 26
	unaryOperator:  NOT.    (18)

	.  reduce 18 (src line 145)


state 27
	printStatement:  PRINT LPARENTHESIS expression.RPARENTHESIS 

	RPARENTHESIS  shift 32
	.  error


state 28
	declareStatement:  TYPE IDENTIFY assign.    (5)

	.  reduce 5 (src line 89)


state 29
	binaryOrAtomExpression:  binaryOrAtomExpression ADD.unaryExpression 

	IDENTIFY  shift 9
	INT_LITERAL  shift 20
	DOUBLE_LITERAL  shift 21
	ADD  shift 24
	SUB  shift 25
	NOT  shift 26
	LPARENTHESIS  shift 23
	.  error

	atomExpression  goto 18
	unaryExpression  goto 33
	refExpression  goto 22
	unaryOperator  goto 19

state 30
	unaryExpression:  unaryOperator atomExpression.    (20)

	.  reduce 20 (src line 150)


state 31
	atomExpression:  LPARENTHESIS expression.RPARENTHESIS 

	RPARENTHESIS  shift 34
	.  error


state 32
	printStatement:  PRINT LPARENTHESIS expression RPARENTHESIS.    (7)

	.  reduce 7 (src line 107)


state 33
	binaryOrAtomExpression:  binaryOrAtomExpression ADD unaryExpression.    (22)

	.  reduce 22 (src line 155)


state 34
	atomExpression:  LPARENTHESIS expression RPARENTHESIS.    (14)

	.  reduce 14 (src line 131)


35 terminals, 13 nonterminals
24 grammar rules, 35/8000 states
0 shift/reduce, 0 reduce/reduce conflicts reported
62 working sets used
memory: parser 45/120000
1 extra closures
43 shift entries, 1 exceptions
18 goto entries
14 entries saved by goto default
Optimizer space used: output 40/120000
40 table entries, 1 zero
maximum spread: 35, maximum offset: 35
